#
# There is insufficient memory for the Java Runtime Environment to continue.
# Native memory allocation (mmap) failed to map 6442450944 bytes. Error detail: committing reserved memory.
# Possible reasons:
#   The system is out of physical RAM or swap space
#   This process is running with CompressedOops enabled, and the Java Heap may be blocking the growth of the native heap
# Possible solutions:
#   Reduce memory load on the system
#   Increase physical memory or swap space
#   Check if swap backing store is full
#   Decrease Java heap size (-Xmx/-Xms)
#   Decrease number of Java threads
#   Decrease Java thread stack sizes (-Xss)
#   Set larger code cache with -XX:ReservedCodeCacheSize=
#   JVM is running with Zero Based Compressed Oops mode in which the Java heap is
#     placed in the first 32GB address space. The Java Heap base address is the
#     maximum limit for the native heap growth. Please use -XX:HeapBaseMinAddress
#     to set the Java Heap base and to place the Java Heap above 32GB virtual address.
# This output file may be truncated or incomplete.
#
#  Out of Memory Error (os_linux.cpp:2832), pid=5409, tid=5410
#
# JRE version:  (17.0.13+11) (build )
# Java VM: OpenJDK 64-Bit Server VM (17.0.13+11-Ubuntu-2ubuntu122.04, mixed mode, sharing, tiered, compressed oops, compressed class ptrs, g1 gc, linux-amd64)
# Core dump will be written. Default location: Core dumps may be processed with "/usr/share/apport/apport -p%p -s%s -c%c -d%d -P%P -u%u -g%g -- %E" (or dumping to /root/MinecraftServerForge1.19.2-43.4.2/core.5409)
#

---------------  S U M M A R Y ------------

Command Line: -Xms6G -Xmx6G --module-path=libraries/cpw/mods/bootstraplauncher/1.1.2/bootstraplauncher-1.1.2.jar:libraries/cpw/mods/securejarhandler/2.1.4/securejarhandler-2.1.4.jar:libraries/org/ow2/asm/asm-commons/9.7/asm-commons-9.7.jar:libraries/org/ow2/asm/asm-util/9.7/asm-util-9.7.jar:libraries/org/ow2/asm/asm-analysis/9.7/asm-analysis-9.7.jar:libraries/org/ow2/asm/asm-tree/9.7/asm-tree-9.7.jar:libraries/org/ow2/asm/asm/9.7/asm-9.7.jar:libraries/net/minecraftforge/JarJarFileSystems/0.3.16/JarJarFileSystems-0.3.16.jar --add-modules=ALL-MODULE-PATH --add-opens=java.base/java.util.jar=cpw.mods.securejarhandler --add-opens=java.base/java.lang.invoke=cpw.mods.securejarhandler --add-exports=java.base/sun.security.util=cpw.mods.securejarhandler --add-exports=jdk.naming.dns/com.sun.jndi.dns=java.naming -Djava.net.preferIPv6Addresses=system -DignoreList=bootstraplauncher-1.1.2.jar,securejarhandler-2.1.4.jar,asm-commons-9.7.jar,asm-util-9.7.jar,asm-analysis-9.7.jar,asm-tree-9.7.jar,asm-9.7.jar,JarJarFileSystems-0.3.16.jar -DlibraryDirectory=libraries -DlegacyClassPath=libraries/cpw/mods/securejarhandler/2.1.4/securejarhandler-2.1.4.jar:libraries/org/ow2/asm/asm/9.7/asm-9.7.jar:libraries/org/ow2/asm/asm-commons/9.7/asm-commons-9.7.jar:libraries/org/ow2/asm/asm-tree/9.7/asm-tree-9.7.jar:libraries/org/ow2/asm/asm-util/9.7/asm-util-9.7.jar:libraries/org/ow2/asm/asm-analysis/9.7/asm-analysis-9.7.jar:libraries/net/minecraftforge/accesstransformers/8.0.4/accesstransformers-8.0.4.jar:libraries/org/antlr/antlr4-runtime/4.9.1/antlr4-runtime-4.9.1.jar:libraries/net/minecraftforge/eventbus/6.0.3/eventbus-6.0.3.jar:libraries/net/minecraftforge/forgespi/6.0.0/forgespi-6.0.0.jar:libraries/net/minecraftforge/coremods/5.0.1/coremods-5.0.1.jar:libraries/cpw/mods/modlauncher/10.0.8/modlauncher-10.0.8.jar:libraries/net/minecraftforge/unsafe/0.2.0/unsafe-0.2.0.jar:libraries/com/electronwill/night-config/core/3.6.4/core-3.6.4.jar:libraries/com/electronwill/night-config/toml/3.6.4/toml-3.6.4.jar:libraries/org/apache/maven/maven-artifact/3.8.5/maven-artifact-3.8.5.jar:libraries/net/jodah/typetools/0.8.3/typetools-0.8.3.jar:libraries/net/minecrell/terminalconsoleappender/1.2.0/terminalconsoleappender-1.2.0.jar:libraries/org/jline/jline-reader/3.12.1/jline-reader-3.12.1.jar:libraries/org/jline/jline-terminal/3.12.1/jline-terminal-3.12.1.jar:libraries/org/spongepowered/mixin/0.8.5/mixin-0.8.5.jar:libraries/org/openjdk/nashorn/nashorn-core/15.3/nashorn-core-15.3.jar:libraries/net/minecraftforge/JarJarSelector/0.3.16/JarJarSelector-0.3.16.jar:libraries/net/minecraftforge/JarJarMetadata/0.3.16/JarJarMetadata-0.3.16.jar:libraries/net/minecraftforge/fmlloader/1.19.2-43.4.2/fmlloader-1.19.2-43.4.2.jar:libraries/net/minecraft/server/1.19.2-20220805.130853/server-1.19.2-20220805.130853-extra.jar:libraries/com/github/oshi/oshi-core/5.8.5/oshi-core-5.8.5.jar:libraries/com/google/code/gson/gson/2.8.9/gson-2.8.9.jar:libraries/com/google/guava/failureaccess/1.0.1/failureaccess-1.0.1.jar:libraries/com/google/guava/guava/31.0.1-jre/guava-31.0.1-jre.jarcpw.mods.bootstraplauncher.BootstrapLauncher --launchTarget forgeserver --fml.forgeVersion 43.4.2 --fml.mcVersion 1.19.2 --fml.forgeGroup net.minecraftforge --fml.mcpVersion 20220805.130853  -Xms6G -Xmx6G

Host: AMD EPYC-Milan Processor, 6 cores, 5G, Ubuntu 22.04.4 LTS
Time: Tue Nov 19 13:12:43 2024 MSK elapsed time: 0.006517 seconds (0d 0h 0m 0s)

---------------  T H R E A D  ---------------

Current thread (0x00007f9a2c01b2c0):  JavaThread "Unknown thread" [_thread_in_vm, id=5410, stack(0x00007f9a303de000,0x00007f9a304de000)]

Stack: [0x00007f9a303de000,0x00007f9a304de000],  sp=0x00007f9a304dc300,  free space=1016k
Native frames: (J=compiled Java code, j=interpreted, Vv=VM code, C=native code)
V  [libjvm.so+0xfa4615]  VMError::report_and_die(int, char const*, char const*, __va_list_tag*, Thread*, unsigned char*, void*, void*, char const*, int, unsigned long)+0x1a5
V  [libjvm.so+0xfa51f1]  VMError::report_and_die(Thread*, char const*, int, unsigned long, VMErrorType, char const*, __va_list_tag*)+0x31
V  [libjvm.so+0x62dd32]  report_vm_out_of_memory(char const*, int, unsigned long, VMErrorType, char const*, ...)+0xf2
V  [libjvm.so+0xc95f93]  os::pd_commit_memory_or_exit(char*, unsigned long, unsigned long, bool, char const*)+0xf3
V  [libjvm.so+0xc8f230]  os::commit_memory_or_exit(char*, unsigned long, unsigned long, bool, char const*)+0x30
V  [libjvm.so+0x762e5e]  G1PageBasedVirtualSpace::commit(unsigned long, unsigned long)+0x18e
V  [libjvm.so+0x777e51]  G1RegionsLargerThanCommitSizeMapper::commit_regions(unsigned int, unsigned long, WorkGang*)+0x1a1
V  [libjvm.so+0x81408c]  HeapRegionManager::commit_regions(unsigned int, unsigned long, WorkGang*)+0x5c
V  [libjvm.so+0x815fb6]  HeapRegionManager::expand(unsigned int, unsigned int, WorkGang*)+0x36
V  [libjvm.so+0x8161de]  HeapRegionManager::expand_by(unsigned int, WorkGang*)+0x7e
V  [libjvm.so+0x71a597]  G1CollectedHeap::expand(unsigned long, WorkGang*, double*)+0xf7
V  [libjvm.so+0x71ad5f]  G1CollectedHeap::initialize()+0x73f
V  [libjvm.so+0xf4dd67]  universe_init()+0xe7
V  [libjvm.so+0x8375fb]  init_globals()+0x3b
V  [libjvm.so+0xf22ff1]  Threads::create_vm(JavaVMInitArgs*, bool*)+0x381
V  [libjvm.so+0x900b25]  JNI_CreateJavaVM+0x65
C  [libjli.so+0x3dd0]  JavaMain+0xa0
C  [libjli.so+0x81bd]  ThreadJavaMain+0xd


---------------  P R O C E S S  ---------------

Threads class SMR info:
_java_thread_list=0x00007f9a31bfd4a0, length=0, elements={
}

Java Threads: ( => current thread )

Other Threads:
  0x00007f9a2c045750 GCTaskThread "GC Thread#0" [stack: 0x00007f9a06b60000,0x00007f9a06c60000] [id=5411]
  0x00007f9a2c052d50 ConcurrentGCThread "G1 Main Marker" [stack: 0x00007f9a06a5f000,0x00007f9a06b5f000] [id=5412]
  0x00007f9a2c053cc0 ConcurrentGCThread "G1 Conc#0" [stack: 0x00007f9a0695e000,0x00007f9a06a5e000] [id=5413]

[error occurred during error reporting (printing all threads), id 0xb, SIGSEGV (0xb) at pc=0x00007f9a30f44e74]

VM state: not at safepoint (not fully initialized)

VM Mutex/Monitor currently owned by a thread:  ([mutex/lock_event])
[0x00007f9a2c018cd0] Heap_lock - owner thread: 0x00007f9a2c01b2c0

Heap address: 0x0000000680000000, size: 6144 MB, Compressed Oops mode: Zero based, Oop shift amount: 3

CDS archive(s) mapped at: [0x0000000000000000-0x0000000000000000-0x0000000000000000), size 0, SharedBaseAddress: 0x0000000800000000, ArchiveRelocationMode: 1.
Narrow klass base: 0x0000000000000000, Narrow klass shift: 0, Narrow klass range: 0x0

GC Precious Log:
<Empty>

Heap:
 garbage-first heap   total 0K, used 0K [0x0000000680000000, 0x0000000800000000)
  region size 4096K, 0 young (0K), 0 survivors (0K)

[error occurred during error reporting (printing heap information), id 0xb, SIGSEGV (0xb) at pc=0x00007f9a315552ee]

GC Heap History (0 events):
No events

Dll operation events (1 events):
Event: 0.001 Loaded shared library /usr/lib/jvm/java-17-openjdk-amd64/lib/libjava.so

Deoptimization events (0 events):
No events

Classes loaded (0 events):
No events

Classes unloaded (0 events):
No events

Classes redefined (0 events):
No events

Internal exceptions (0 events):
No events

VM Operations (0 events):
No events

Memory protections (1 events):
Event: 0.001 Protecting memory [0x00007f9a303de000,0x00007f9a303e2000] with protection modes 0

Nmethod flushes (0 events):
No events

Events (0 events):
No events


Dynamic libraries:
562627dc8000-562627dc9000 r--p 00000000 08:01 149376                     /usr/lib/jvm/java-17-openjdk-amd64/bin/java
562627dc9000-562627dca000 r-xp 00001000 08:01 149376                     /usr/lib/jvm/java-17-openjdk-amd64/bin/java
562627dca000-562627dcb000 r--p 00002000 08:01 149376                     /usr/lib/jvm/java-17-openjdk-amd64/bin/java
562627dcb000-562627dcc000 r--p 00002000 08:01 149376                     /usr/lib/jvm/java-17-openjdk-amd64/bin/java
562627dcc000-562627dcd000 rw-p 00003000 08:01 149376                     /usr/lib/jvm/java-17-openjdk-amd64/bin/java
562628002000-56262804a000 rw-p 00000000 00:00 0                          [heap]
7f99f7d72000-7f99f8000000 rw-p 00000000 00:00 0 
7f99f8000000-7f99f8021000 rw-p 00000000 00:00 0 
7f99f8021000-7f99fc000000 ---p 00000000 00:00 0 
7f99fc000000-7f99fc021000 rw-p 00000000 00:00 0 
7f99fc021000-7f9a00000000 ---p 00000000 00:00 0 
7f9a00000000-7f9a00021000 rw-p 00000000 00:00 0 
7f9a00021000-7f9a04000000 ---p 00000000 00:00 0 
7f9a04203000-7f9a0695d000 rw-p 00000000 00:00 0 
7f9a0695d000-7f9a0695e000 ---p 00000000 00:00 0 
7f9a0695e000-7f9a06a5e000 rw-p 00000000 00:00 0 
7f9a06a5e000-7f9a06a5f000 ---p 00000000 00:00 0 
7f9a06a5f000-7f9a06b5f000 rw-p 00000000 00:00 0 
7f9a06b5f000-7f9a06b60000 ---p 00000000 00:00 0 
7f9a06b60000-7f9a06c60000 rw-p 00000000 00:00 0 
7f9a06c60000-7f9a15060000 ---p 00000000 00:00 0 
7f9a15060000-7f9a15565000 rw-p 00000000 00:00 0 
7f9a15565000-7f9a157d5000 rwxp 00000000 00:00 0 
7f9a157d5000-7f9a1ca9c000 ---p 00000000 00:00 0 
7f9a1ca9c000-7f9a1cd0c000 rwxp 00000000 00:00 0 
7f9a1cd0c000-7f9a1d02d000 ---p 00000000 00:00 0 
7f9a1d02d000-7f9a1d29d000 rwxp 00000000 00:00 0 
7f9a1d29d000-7f9a24565000 ---p 00000000 00:00 0 
7f9a24565000-7f9a2c000000 r--s 00000000 08:01 149527                     /usr/lib/jvm/java-17-openjdk-amd64/lib/modules
7f9a2c000000-7f9a2c07a000 rw-p 00000000 00:00 0 
7f9a2c07a000-7f9a30000000 ---p 00000000 00:00 0 
7f9a30004000-7f9a301d0000 rw-p 00000000 00:00 0 
7f9a301d0000-7f9a302b6000 ---p 00000000 00:00 0 
7f9a302b6000-7f9a302bb000 rw-p 00000000 00:00 0 
7f9a302bb000-7f9a303a1000 ---p 00000000 00:00 0 
7f9a303a1000-7f9a303a6000 rw-p 00000000 00:00 0 
7f9a303a6000-7f9a303ad000 ---p 00000000 00:00 0 
7f9a303ad000-7f9a303b9000 r--p 00000000 08:01 149505                     /usr/lib/jvm/java-17-openjdk-amd64/lib/libjava.so
7f9a303b9000-7f9a303cd000 r-xp 0000c000 08:01 149505                     /usr/lib/jvm/java-17-openjdk-amd64/lib/libjava.so
7f9a303cd000-7f9a303d3000 r--p 00020000 08:01 149505                     /usr/lib/jvm/java-17-openjdk-amd64/lib/libjava.so
7f9a303d3000-7f9a303d4000 r--p 00025000 08:01 149505                     /usr/lib/jvm/java-17-openjdk-amd64/lib/libjava.so
7f9a303d4000-7f9a303d5000 rw-p 00026000 08:01 149505                     /usr/lib/jvm/java-17-openjdk-amd64/lib/libjava.so
7f9a303d5000-7f9a303d6000 rw-p 00000000 00:00 0 
7f9a303d6000-7f9a303de000 rw-s 00000000 08:01 640015                     /tmp/hsperfdata_root/5409
7f9a303de000-7f9a303e2000 ---p 00000000 00:00 0 
7f9a303e2000-7f9a304de000 rw-p 00000000 00:00 0 
7f9a304de000-7f9a304e1000 r--p 00000000 08:01 11230                      /usr/lib/x86_64-linux-gnu/libgcc_s.so.1
7f9a304e1000-7f9a304f8000 r-xp 00003000 08:01 11230                      /usr/lib/x86_64-linux-gnu/libgcc_s.so.1
7f9a304f8000-7f9a304fc000 r--p 0001a000 08:01 11230                      /usr/lib/x86_64-linux-gnu/libgcc_s.so.1
7f9a304fc000-7f9a304fd000 r--p 0001d000 08:01 11230                      /usr/lib/x86_64-linux-gnu/libgcc_s.so.1
7f9a304fd000-7f9a304fe000 rw-p 0001e000 08:01 11230                      /usr/lib/x86_64-linux-gnu/libgcc_s.so.1
7f9a304fe000-7f9a3050c000 r--p 00000000 08:01 566                        /usr/lib/x86_64-linux-gnu/libm.so.6
7f9a3050c000-7f9a30588000 r-xp 0000e000 08:01 566                        /usr/lib/x86_64-linux-gnu/libm.so.6
7f9a30588000-7f9a305e3000 r--p 0008a000 08:01 566                        /usr/lib/x86_64-linux-gnu/libm.so.6
7f9a305e3000-7f9a305e4000 r--p 000e4000 08:01 566                        /usr/lib/x86_64-linux-gnu/libm.so.6
7f9a305e4000-7f9a305e5000 rw-p 000e5000 08:01 566                        /usr/lib/x86_64-linux-gnu/libm.so.6
7f9a305e5000-7f9a3067f000 r--p 00000000 08:01 11388                      /usr/lib/x86_64-linux-gnu/libstdc++.so.6.0.30
7f9a3067f000-7f9a30790000 r-xp 0009a000 08:01 11388                      /usr/lib/x86_64-linux-gnu/libstdc++.so.6.0.30
7f9a30790000-7f9a307ff000 r--p 001ab000 08:01 11388                      /usr/lib/x86_64-linux-gnu/libstdc++.so.6.0.30
7f9a307ff000-7f9a30800000 ---p 0021a000 08:01 11388                      /usr/lib/x86_64-linux-gnu/libstdc++.so.6.0.30
7f9a30800000-7f9a3080b000 r--p 0021a000 08:01 11388                      /usr/lib/x86_64-linux-gnu/libstdc++.so.6.0.30
7f9a3080b000-7f9a3080e000 rw-p 00225000 08:01 11388                      /usr/lib/x86_64-linux-gnu/libstdc++.so.6.0.30
7f9a3080e000-7f9a30811000 rw-p 00000000 00:00 0 
7f9a30811000-7f9a30a62000 r--p 00000000 08:01 256006                     /usr/lib/jvm/java-17-openjdk-amd64/lib/server/libjvm.so
7f9a30a62000-7f9a3183d000 r-xp 00251000 08:01 256006                     /usr/lib/jvm/java-17-openjdk-amd64/lib/server/libjvm.so
7f9a3183d000-7f9a31abf000 r--p 0102c000 08:01 256006                     /usr/lib/jvm/java-17-openjdk-amd64/lib/server/libjvm.so
7f9a31abf000-7f9a31ac0000 ---p 012ae000 08:01 256006                     /usr/lib/jvm/java-17-openjdk-amd64/lib/server/libjvm.so
7f9a31ac0000-7f9a31b78000 r--p 012ae000 08:01 256006                     /usr/lib/jvm/java-17-openjdk-amd64/lib/server/libjvm.so
7f9a31b78000-7f9a31bad000 rw-p 01366000 08:01 256006                     /usr/lib/jvm/java-17-openjdk-amd64/lib/server/libjvm.so
7f9a31bad000-7f9a31c0a000 rw-p 00000000 00:00 0 
7f9a31c0a000-7f9a31c32000 r--p 00000000 08:01 563                        /usr/lib/x86_64-linux-gnu/libc.so.6
7f9a31c32000-7f9a31dc7000 r-xp 00028000 08:01 563                        /usr/lib/x86_64-linux-gnu/libc.so.6
7f9a31dc7000-7f9a31e1f000 r--p 001bd000 08:01 563                        /usr/lib/x86_64-linux-gnu/libc.so.6
7f9a31e1f000-7f9a31e20000 ---p 00215000 08:01 563                        /usr/lib/x86_64-linux-gnu/libc.so.6
7f9a31e20000-7f9a31e24000 r--p 00215000 08:01 563                        /usr/lib/x86_64-linux-gnu/libc.so.6
7f9a31e24000-7f9a31e26000 rw-p 00219000 08:01 563                        /usr/lib/x86_64-linux-gnu/libc.so.6
7f9a31e26000-7f9a31e33000 rw-p 00000000 00:00 0 
7f9a31e33000-7f9a31e35000 r--p 00000000 08:01 149509                     /usr/lib/jvm/java-17-openjdk-amd64/lib/libjli.so
7f9a31e35000-7f9a31e3f000 r-xp 00002000 08:01 149509                     /usr/lib/jvm/java-17-openjdk-amd64/lib/libjli.so
7f9a31e3f000-7f9a31e42000 r--p 0000c000 08:01 149509                     /usr/lib/jvm/java-17-openjdk-amd64/lib/libjli.so
7f9a31e42000-7f9a31e43000 r--p 0000e000 08:01 149509                     /usr/lib/jvm/java-17-openjdk-amd64/lib/libjli.so
7f9a31e43000-7f9a31e44000 rw-p 0000f000 08:01 149509                     /usr/lib/jvm/java-17-openjdk-amd64/lib/libjli.so
7f9a31e44000-7f9a31e46000 r--p 00000000 08:01 11438                      /usr/lib/x86_64-linux-gnu/libz.so.1.2.11
7f9a31e46000-7f9a31e57000 r-xp 00002000 08:01 11438                      /usr/lib/x86_64-linux-gnu/libz.so.1.2.11
7f9a31e57000-7f9a31e5d000 r--p 00013000 08:01 11438                      /usr/lib/x86_64-linux-gnu/libz.so.1.2.11
7f9a31e5d000-7f9a31e5e000 ---p 00019000 08:01 11438                      /usr/lib/x86_64-linux-gnu/libz.so.1.2.11
7f9a31e5e000-7f9a31e5f000 r--p 00019000 08:01 11438                      /usr/lib/x86_64-linux-gnu/libz.so.1.2.11
7f9a31e5f000-7f9a31e60000 rw-p 0001a000 08:01 11438                      /usr/lib/x86_64-linux-gnu/libz.so.1.2.11
7f9a31e61000-7f9a31e62000 ---p 00000000 00:00 0 
7f9a31e62000-7f9a31e63000 r--p 00000000 00:00 0 
7f9a31e63000-7f9a31e65000 r--p 00000000 08:01 149508                     /usr/lib/jvm/java-17-openjdk-amd64/lib/libjimage.so
7f9a31e65000-7f9a31e68000 r-xp 00002000 08:01 149508                     /usr/lib/jvm/java-17-openjdk-amd64/lib/libjimage.so
7f9a31e68000-7f9a31e69000 r--p 00005000 08:01 149508                     /usr/lib/jvm/java-17-openjdk-amd64/lib/libjimage.so
7f9a31e69000-7f9a31e6a000 ---p 00006000 08:01 149508                     /usr/lib/jvm/java-17-openjdk-amd64/lib/libjimage.so
7f9a31e6a000-7f9a31e6b000 r--p 00006000 08:01 149508                     /usr/lib/jvm/java-17-openjdk-amd64/lib/libjimage.so
7f9a31e6b000-7f9a31e6c000 rw-p 00007000 08:01 149508                     /usr/lib/jvm/java-17-openjdk-amd64/lib/libjimage.so
7f9a31e6c000-7f9a31e6e000 rw-p 00000000 00:00 0 
7f9a31e6e000-7f9a31e70000 r--p 00000000 08:01 146                        /usr/lib/x86_64-linux-gnu/ld-linux-x86-64.so.2
7f9a31e70000-7f9a31e9a000 r-xp 00002000 08:01 146                        /usr/lib/x86_64-linux-gnu/ld-linux-x86-64.so.2
7f9a31e9a000-7f9a31ea5000 r--p 0002c000 08:01 146                        /usr/lib/x86_64-linux-gnu/ld-linux-x86-64.so.2
7f9a31ea5000-7f9a31ea6000 ---p 00000000 00:00 0 
7f9a31ea6000-7f9a31ea8000 r--p 00037000 08:01 146                        /usr/lib/x86_64-linux-gnu/ld-linux-x86-64.so.2
7f9a31ea8000-7f9a31eaa000 rw-p 00039000 08:01 146                        /usr/lib/x86_64-linux-gnu/ld-linux-x86-64.so.2
7ffdc7794000-7ffdc77b5000 rw-p 00000000 00:00 0                          [stack]
7ffdc77dc000-7ffdc77e0000 r--p 00000000 00:00 0                          [vvar]
7ffdc77e0000-7ffdc77e2000 r-xp 00000000 00:00 0                          [vdso]
ffffffffff600000-ffffffffff601000 --xp 00000000 00:00 0                  [vsyscall]


VM Arguments:
jvm_args: -Xms6G -Xmx6G --module-path=libraries/cpw/mods/bootstraplauncher/1.1.2/bootstraplauncher-1.1.2.jar:libraries/cpw/mods/securejarhandler/2.1.4/securejarhandler-2.1.4.jar:libraries/org/ow2/asm/asm-commons/9.7/asm-commons-9.7.jar:libraries/org/ow2/asm/asm-util/9.7/asm-util-9.7.jar:libraries/org/ow2/asm/asm-analysis/9.7/asm-analysis-9.7.jar:libraries/org/ow2/asm/asm-tree/9.7/asm-tree-9.7.jar:libraries/org/ow2/asm/asm/9.7/asm-9.7.jar:libraries/net/minecraftforge/JarJarFileSystems/0.3.16/JarJarFileSystems-0.3.16.jar --add-modules=ALL-MODULE-PATH --add-opens=java.base/java.util.jar=cpw.mods.securejarhandler --add-opens=java.base/java.lang.invoke=cpw.mods.securejarhandler --add-exports=java.base/sun.security.util=cpw.mods.securejarhandler --add-exports=jdk.naming.dns/com.sun.jndi.dns=java.naming -Djava.net.preferIPv6Addresses=system -DignoreList=bootstraplauncher-1.1.2.jar,securejarhandler-2.1.4.jar,asm-commons-9.7.jar,asm-util-9.7.jar,asm-analysis-9.7.jar,asm-tree-9.7.jar,asm-9.7.jar,JarJarFileSystems-0.3.16.jar -DlibraryDirectory=libraries -DlegacyClassPath=libraries/cpw/mods/securejarhandler/2.1.4/securejarhandler-2.1.4.jar:libraries/org/ow2/asm/asm/9.7/asm-9.7.jar:libraries/org/ow2/asm/asm-commons/9.7/asm-commons-9.7.jar:libraries/org/ow2/asm/asm-tree/9.7/asm-tree-9.7.jar:libraries/org/ow2/asm/asm-util/9.7/asm-util-9.7.jar:libraries/org/ow2/asm/asm-analysis/9.7/asm-analysis-9.7.jar:libraries/net/minecraftforge/accesstransformers/8.0.4/accesstransformers-8.0.4.jar:libraries/org/antlr/antlr4-runtime/4.9.1/antlr4-runtime-4.9.1.jar:libraries/net/minecraftforge/eventbus/6.0.3/eventbus-6.0.3.jar:libraries/net/minecraftforge/forgespi/6.0.0/forgespi-6.0.0.jar:libraries/net/minecraftforge/coremods/5.0.1/coremods-5.0.1.jar:libraries/cpw/mods/modlauncher/10.0.8/modlauncher-10.0.8.jar:libraries/net/minecraftforge/unsafe/0.2.0/unsafe-0.2.0.jar:libraries/com/electronwill/night-config/core/3.6.4/core-3.6.4.jar:libraries/com/electronwill/night-config/toml/3.6.4/toml-3.6.4.jar:libraries/org/apache/maven/maven-artifact/3.8.5/maven-artifact-3.8.5.jar:libraries/net/jodah/typetools/0.8.3/typetools-0.8.3.jar:libraries/net/minecrell/terminalconsoleappender/1.2.0/terminalconsoleappender-1.2.0.jar:libraries/org/jline/jline-reader/3.12.1/jline-reader-3.12.1.jar:libraries/org/jline/jline-terminal/3.12.1/jline-terminal-3.12.1.jar:libraries/org/spongepowered/mixin/0.8.5/mixin-0.8.5.jar:libraries/org/openjdk/nashorn/nashorn-core/15.3/nashorn-core-15.3.jar:libraries/net/minecraftforge/JarJarSelector/0.3.16/JarJarSelector-0.3.16.jar:libraries/net/minecraftforge/JarJarMetadata/0.3.16/JarJarMetadata-0.3.16.jar:libraries/net/minecraftforge/fmlloader/1.19.2-43.4.2/fmlloader-1.19.2-43.4.2.jar:libraries/net/minecraft/server/1.19.2-20220805.130853/server-1.19.2-20220805.130853-extra.jar:libraries/com/github/oshi/oshi-core/5.8.5/oshi-core-5.8.5.jar:libraries/com/google/code/gson/gson/2.8.9/gson-2.8.9.jar:libraries/com/google/guava/failureaccess/1.0.1/failureaccess-1.0.1.jar:libraries/com/google/guava/guava/31.0.1-jre/guava-31.0.1-jre.jar
java_command: cpw.mods.bootstraplauncher.BootstrapLauncher --launchTarget forgeserver --fml.forgeVersion 43.4.2 --fml.mcVersion 1.19.2 --fml.forgeGroup net.minecraftforge --fml.mcpVersion 20220805.130853  -Xms6G -Xmx6G
java_class_path (initial): .
Launcher Type: SUN_STANDARD

[Global flags]
     intx CICompilerCount                          = 3                                         {product} {ergonomic}
     uint ConcGCThreads                            = 2                                         {product} {ergonomic}
     uint G1ConcRefinementThreads                  = 6                                         {product} {ergonomic}
   size_t G1HeapRegionSize                         = 4194304                                   {product} {ergonomic}
    uintx GCDrainStackTargetSize                   = 64                                        {product} {ergonomic}
   size_t InitialHeapSize                          = 6442450944                                {product} {command line}
   size_t MarkStackSize                            = 4194304                                   {product} {ergonomic}
   size_t MaxHeapSize                              = 6442450944                                {product} {command line}
   size_t MinHeapDeltaBytes                        = 4194304                                   {product} {ergonomic}
   size_t MinHeapSize                              = 6442450944                                {product} {command line}
    uintx NonNMethodCodeHeapSize                   = 5832780                                {pd product} {ergonomic}
    uintx NonProfiledCodeHeapSize                  = 122912730                              {pd product} {ergonomic}
    uintx ProfiledCodeHeapSize                     = 122912730                              {pd product} {ergonomic}
    uintx ReservedCodeCacheSize                    = 251658240                              {pd product} {ergonomic}
     bool SegmentedCodeCache                       = true                                      {product} {ergonomic}
   size_t SoftMaxHeapSize                          = 6442450944                             {manageable} {ergonomic}
     bool UseCompressedClassPointers               = true                           {product lp64_product} {ergonomic}
     bool UseCompressedOops                        = true                           {product lp64_product} {ergonomic}
     bool UseG1GC                                  = true                                      {product} {ergonomic}

Logging:
Log output configuration:
 #0: stdout all=warning uptime,level,tags
 #1: stderr all=off uptime,level,tags

Environment Variables:
PATH=/usr/local/sbin:/usr/local/bin:/usr/sbin:/usr/bin:/sbin:/bin:/usr/games:/usr/local/games:/snap/bin
SHELL=/bin/bash
LANG=en_US.UTF-8
TERM=xterm-256color

Active Locale:
LC_ALL=C
LC_COLLATE=C
LC_CTYPE=C
LC_MESSAGES=C
LC_MONETARY=C
LC_NUMERIC=C
LC_TIME=C

Signal Handlers:
   SIGSEGV: crash_handler in libjvm.so, mask=11100100010111111101111111111110, flags=SA_RESTART|SA_SIGINFO, unblocked
    SIGBUS: crash_handler in libjvm.so, mask=11100100010111111101111111111110, flags=SA_RESTART|SA_SIGINFO, unblocked
    SIGFPE: crash_handler in libjvm.so, mask=11100100010111111101111111111110, flags=SA_RESTART|SA_SIGINFO, unblocked
   SIGPIPE: javaSignalHandler in libjvm.so, mask=11100100010111111101111111111110, flags=SA_RESTART|SA_SIGINFO, blocked
   SIGXFSZ: javaSignalHandler in libjvm.so, mask=11100100010111111101111111111110, flags=SA_RESTART|SA_SIGINFO, blocked
    SIGILL: crash_handler in libjvm.so, mask=11100100010111111101111111111110, flags=SA_RESTART|SA_SIGINFO, unblocked
   SIGUSR2: SR_handler in libjvm.so, mask=00000000000000000000000000000000, flags=SA_RESTART|SA_SIGINFO, blocked
    SIGHUP: SIG_IGN, mask=00000000000000000000000000000000, flags=none, blocked
    SIGINT: SIG_DFL, mask=00000000000000000000000000000000, flags=none, blocked
   SIGTERM: SIG_DFL, mask=00000000000000000000000000000000, flags=none, blocked
   SIGQUIT: UserHandler in libjvm.so, mask=11100100010111111101111111111110, flags=SA_RESTART|SA_SIGINFO, blocked
   SIGTRAP: crash_handler in libjvm.so, mask=11100100010111111101111111111110, flags=SA_RESTART|SA_SIGINFO, unblocked


Periodic native trim disabled


---------------  S Y S T E M  ---------------

OS:
DISTRIB_ID=Ubuntu
DISTRIB_RELEASE=22.04
DISTRIB_CODENAME=jammy
DISTRIB_DESCRIPTION="Ubuntu 22.04.4 LTS"
uname: Linux 5.15.0-113-generic #123-Ubuntu SMP Mon Jun 10 08:16:17 UTC 2024 x86_64
OS uptime: 0 days 21:01 hours
libc: glibc 2.35 NPTL 2.35 
rlimit (soft/hard): STACK 8192k/infinity , CORE 0k/infinity , NPROC 23580/23580 , NOFILE 1048576/1048576 , AS infinity/infinity , CPU infinity/infinity , DATA infinity/infinity , FSIZE infinity/infinity , MEMLOCK 757880k/757880k
load average: 0.00 0.07 0.13

/proc/meminfo:
MemTotal:        6063048 kB
MemFree:         2759092 kB
MemAvailable:    5604044 kB
Buffers:           72012 kB
Cached:          2963444 kB
SwapCached:            0 kB
Active:          1985280 kB
Inactive:        1108344 kB
Active(anon):        808 kB
Inactive(anon):    70372 kB
Active(file):    1984472 kB
Inactive(file):  1037972 kB
Unevictable:       30724 kB
Mlocked:           27652 kB
SwapTotal:             0 kB
SwapFree:              0 kB
Dirty:                 0 kB
Writeback:             0 kB
AnonPages:         88780 kB
Mapped:            73476 kB
Shmem:              4096 kB
KReclaimable:      70112 kB
Slab:             104584 kB
SReclaimable:      70112 kB
SUnreclaim:        34472 kB
KernelStack:        2712 kB
PageTables:         1992 kB
NFS_Unstable:          0 kB
Bounce:                0 kB
WritebackTmp:          0 kB
CommitLimit:     3031524 kB
Committed_AS:     417336 kB
VmallocTotal:   34359738367 kB
VmallocUsed:       15168 kB
VmallocChunk:          0 kB
Percpu:             4768 kB
HardwareCorrupted:     0 kB
AnonHugePages:         0 kB
ShmemHugePages:        0 kB
ShmemPmdMapped:        0 kB
FileHugePages:         0 kB
FilePmdMapped:         0 kB
HugePages_Total:       0
HugePages_Free:        0
HugePages_Rsvd:        0
HugePages_Surp:        0
Hugepagesize:       2048 kB
Hugetlb:               0 kB
DirectMap4k:      122732 kB
DirectMap2M:     4071424 kB
DirectMap1G:     4194304 kB

/sys/kernel/mm/transparent_hugepage/enabled: always [madvise] never
/sys/kernel/mm/transparent_hugepage/hpage_pmd_size: 2097152
/sys/kernel/mm/transparent_hugepage/defrag (defrag/compaction efforts parameter): always defer defer+madvise [madvise] never

Process Memory:
Virtual Size: 949904K (peak: 7237384K)
Resident Set Size: 19320K (peak: 19320K) (anon: 6008K, file: 13312K, shmem: 0K)
Swapped out: 0K
C-Heap outstanding allocations: 17375K, retained: 520K
glibc malloc tunables: (default)

/proc/sys/kernel/threads-max (system-wide limit on the number of threads): 47160
/proc/sys/vm/max_map_count (maximum number of memory map areas a process may have): 65530
/proc/sys/vm/swappiness (control to define how aggressively the kernel swaps out anonymous memory): 60
/proc/sys/kernel/pid_max (system-wide limit on number of process identifiers): 4194304

container (cgroup) information:
container_type: cgroupv2
cpu_cpuset_cpus: not supported
cpu_memory_nodes: not supported
active_processor_count: 6
cpu_quota: not supported
cpu_period: not supported
cpu_shares: not supported
memory_limit_in_bytes: unlimited
memory_and_swap_limit_in_bytes: unlimited
memory_soft_limit_in_bytes: unlimited
memory_usage_in_bytes: 9696 k
memory_max_usage_in_bytes: not supported
memory_swap_current_in_bytes: unlimited
memory_swap_max_limit_in_bytes: unlimited
maximum number of tasks: unlimited
current number of tasks: 8

KVM virtualization detected
Steal ticks since vm start: 0
Steal ticks percentage since vm start:  0.000

CPU: total 6 (initial active 6) (1 cores per cpu, 1 threads per core) family 25 model 1 stepping 1 microcode 0x1000065, cx8, cmov, fxsr, mmx, 3dnowpref, sse, sse2, sse3, ssse3, sse4a, sse4.1, sse4.2, popcnt, lzcnt, tsc, avx, avx2, aes, erms, clmul, bmi1, bmi2, adx, sha, fma, vzeroupper, clflush, clflushopt, hv
CPU Model and flags from /proc/cpuinfo:
model name	: AMD EPYC-Milan Processor
flags		: fpu vme de pse tsc msr pae mce cx8 apic sep mtrr pge mca cmov pat pse36 clflush mmx fxsr sse sse2 syscall nx mmxext fxsr_opt pdpe1gb rdtscp lm rep_good nopl cpuid extd_apicid tsc_known_freq pni pclmulqdq ssse3 fma cx16 pcid sse4_1 sse4_2 x2apic movbe popcnt tsc_deadline_timer aes xsave avx f16c rdrand hypervisor lahf_lm cmp_legacy svm cr8_legacy abm sse4a misalignsse 3dnowprefetch osvw topoext perfctr_core invpcid_single ssbd ibrs ibpb stibp vmmcall fsgsbase tsc_adjust bmi1 avx2 smep bmi2 erms invpcid rdseed adx smap clflushopt clwb sha_ni xsaveopt xsavec xgetbv1 xsaves clzero xsaveerptr wbnoinvd arat npt lbrv nrip_save tsc_scale vmcb_clean pausefilter pfthreshold umip pku ospke vaes vpclmulqdq rdpid fsrm arch_capabilities

Online cpus: 0-5
Offline cpus: 
BIOS frequency limitation: <Not Available>
Frequency switch latency (ns): <Not Available>
Available cpu frequencies: <Not Available>
Current governor: <Not Available>
Core performance/turbo boost: <Not Available>

Memory: 4k page, physical 6063048k(2759092k free), swap 0k(0k free)
Page Sizes: 4k

vm_info: OpenJDK 64-Bit Server VM (17.0.13+11-Ubuntu-2ubuntu122.04) for linux-amd64 JRE (17.0.13+11-Ubuntu-2ubuntu122.04), built on Oct 22 2024 06:38:45 by "buildd" with gcc 11.4.0

END.
