Registering Defuzzer!
Loaded thutessentials config file thutessentials/thutessentials-common.toml
Reading thutessentials/thutessentials-common.toml
thutessentials/thutessentials-common.toml config belongs to us!
Reading thutessentials/thutessentials-common.toml
Server Started
Starting Loading Land
Finished Loading Land and Teams
01:44:10.341787406 minecraft:overworld, BlockPos{x=66, y=5, z=-42}: log-in afb7b56a-c649-3168-8e66-befdae15357f The_Dos
Login detected, adding player to logins for defuzz.
01:44:28.893711734 minecraft:overworld, BlockPos{x=66, y=5, z=-43}: Teleport from minecraft:overworld BlockPos{x=1065, y=88, z=-679} to minecraft:overworld BlockPos{x=1668, y=68, z=-635} for afb7b56a-c649-3168-8e66-befdae15357f The_Dos
01:44:34.097971436 minecraft:overworld, BlockPos{x=104, y=4, z=-40}: break Block{minecraft:grass} at BlockPos{x=1668, y=67, z=-625} by afb7b56a-c649-3168-8e66-befdae15357f The_Dos
01:44:34.95420907 minecraft:overworld, BlockPos{x=104, y=4, z=-40}: break Block{minecraft:grass} at BlockPos{x=1667, y=67, z=-625} by afb7b56a-c649-3168-8e66-befdae15357f The_Dos
01:44:35.78257836 minecraft:overworld, BlockPos{x=104, y=4, z=-39}: break Block{minecraft:grass} at BlockPos{x=1666, y=66, z=-623} by afb7b56a-c649-3168-8e66-befdae15357f The_Dos
01:44:36.444379701 minecraft:overworld, BlockPos{x=104, y=4, z=-39}: break Block{minecraft:grass} at BlockPos{x=1667, y=66, z=-622} by afb7b56a-c649-3168-8e66-befdae15357f The_Dos
01:44:44.601510953 minecraft:overworld, BlockPos{x=105, y=4, z=-40}: place Block{minecraft:dirt} at BlockPos{x=1682, y=68, z=-634} on Block{minecraft:oak_log}[axis=y] by afb7b56a-c649-3168-8e66-befdae15357f The_Dos
01:44:44.944173619 minecraft:overworld, BlockPos{x=105, y=4, z=-40}: place Block{minecraft:dirt} at BlockPos{x=1682, y=69, z=-634} on Block{minecraft:dirt} by afb7b56a-c649-3168-8e66-befdae15357f The_Dos
01:44:53.044403354 minecraft:overworld, BlockPos{x=104, y=4, z=-40}: log-out afb7b56a-c649-3168-8e66-befdae15357f The_Dos
01:46:32.42285594 minecraft:overworld, BlockPos{x=104, y=4, z=-40}: log-in afb7b56a-c649-3168-8e66-befdae15357f The_Dos
Login detected, adding player to logins for defuzz.
Server Stopped
01:46:47.162379173 minecraft:overworld, BlockPos{x=104, y=4, z=-40}: log-out afb7b56a-c649-3168-8e66-befdae15357f The_Dos
Starting Loading Land
Finished Loading Land and Teams
